Case #1: 1 0
Case #2: 1 0
Case #3: 1 1
Case #4: 0 0
Case #5: 500 499
Case #6: 3 2
Case #7: 0 0
Case #8: 0 0
Case #9: 0 0
Case #10: 1 1
Case #11: 1 0
Case #12: 0 0
Case #13: 0 0
Case #14: 1 0
Case #15: 3 2
Case #16: 0 0
Case #17: 0 0
Case #18: 0 0
Case #19: 0 0
Case #20: 0 0
Case #21: 1 0
Case #22: 0 0
Case #23: 1 0
Case #24: 3 2
Case #25: 250 249
Case #26: 1 1
Case #27: 0 0
Case #28: 3 3
Case #29: 1 1
Case #30: 0 0
Case #31: 0 0
Case #32: 0 0
Case #33: 2 1
Case #34: 0 0
Case #35: 1 1
Case #36: 3 3
Case #37: 0 0
Case #38: 1 1
Case #39: 0 0
Case #40: 0 0
Case #41: 0 0
Case #42: 1 1
Case #43: 0 0
Case #44: 1 0
Case #45: 0 0
Case #46: 0 0
Case #47: 0 0
Case #48: 0 0
Case #49: 3 2
Case #50: 0 0
Case #51: 1 1
Case #52: 0 0
Case #53: 0 0
Case #54: 0 0
Case #55: 0 0
Case #56: 0 0
Case #57: 1 0
Case #58: 0 0
Case #59: 0 0
Case #60: 0 0
Case #61: 499 499
Case #62: 2 2
Case #63: 0 0
Case #64: 1 1
Case #65: 249 249
Case #66: 1 0
Case #67: 1 0
Case #68: 1 0
Case #69: 1 0
Case #70: 0 0
Case #71: 1 0
Case #72: 1 0
Case #73: 1 0
Case #74: 0 0
Case #75: 0 0
Case #76: 1 0
Case #77: 0 0
Case #78: 1 1
Case #79: 0 0
Case #80: 0 0
Case #81: 1 0
Case #82: 1 0
Case #83: 0 0
Case #84: 250 249
Case #85: 0 0
Case #86: 1 0
Case #87: 0 0
Case #88: 1 0
Case #89: 0 0
Case #90: 0 0
Case #91: 7 6
Case #92: 3 3
Case #93: 0 0
Case #94: 125 124
Case #95: 7 6
Case #96: 3 3
Case #97: 1 0
Case #98: 0 0
Case #99: 0 0
Case #100: 1 1
