Case #1: 3 4 6
Case #2: 1 5 9 13 16 18 20 21 24 28 31 33 36 39 43 47 51 55 57
Case #3: 35 37 40 41 43 47 49 51 53 54 57 61 62 64 66 67 69 70 72 73 74 76 78
Case #4: 5 9 13 14 18 19 23
Case #5: 30 37 46 53 57 60 63 65 68 70 71 76 79 80 83 85 87 92 95 96 99 103 104 108 109
Case #6: 2 4 7 8 11 13 16 19 22 23 26 27 30 31 33 35 37 38
Case #7: 4 8
Case #8: 171 212 225 245 270 282 300 312 339 350 370 402 423 427 452 461 462 492 522 536 563 580 614 638 649 661 668 676 703 721 737 741 761 798 804 820 833 861 866 875 895 919 936 943 963 987 991 997 1016 1039
Case #9: 5 10 13 14 17 20 22 25 28 30 33 35 37 40 41 42 45 47
Case #10: 9 10 16 17
Case #11: 32 41 45 48 50 51 55 58 64 65 66 69 70 77 79 81 84 86 88 90 95 97 102 104 106 109 111 112 115 117 119 122 123 127 130 131 135 137 139 140 142 145 147 149 152 153 154 159 161 164
Case #12: 55 56 69 97 132 138 146
Case #13: 3 6 7 9 11 12 13
Case #14: 2 22
Case #15: 55 58 63 66 68 69 73 74 76 77 80 83 85 88 90 92 94 95 97 98 101 102 104 107 110 112 113 114 115 119 123 124 126 129 131 133 135 137 138 140 142 144 145 147 149 151 153 155 157 158
Case #16: 22 222
Case #17: 21 23 30 36 37 41 43 51 53 57 58 64 66 67 70 72 74 75 79 83 85 87 88 94 96
Case #18: 1 2 3 4 5 6 23
Case #19: 1 2 3
Case #20: 59 69 95 107
Case #21: 21 69 116 162 207 251 294 336 377 417 456 494 531 567 602 636 669 701 732 762 791 792 793 794 795 796 797 798 799 800 801 802 803 804 805 806 807 808 809 810 811 812 813 814 815 816 817 818 819 1266
Case #22: 1 2 3 7
Case #23: 2 3 4 5
Case #24: 1 2 3 4 5 6 7
Case #25: 18 23 26 28 30 31 33 34 36 40 41 44 47 48
Case #26: 8 9 10 12 16 17 19 21 22 27 29 31 32 33 35
Case #27: 16 39 61 82 102 121 139 156 172 187 201 214 226 237 247 256 257 258 259 260 261 262 263 264 332
Case #28: 4 5 7 8 11 13 15 17 19 21 22 23
Case #29: 9 11 14 16 17 20 22 23 25 27
Case #30: 2 4
Case #31: 8 12 14 16 17 21 22 25 27 28 29 31 33 34 36 38 39 41 44 46 47 49 51 53 55
Case #32: 9 10 11 14 16 19 22 23 25 27
Case #33: 6 8
Case #34: 49 50 51 52 53 54 55 56 57 58 59 60 61 62 63 64 65 66 67 68 69 70 71 72 73 74 75 76 77 78 79 80 81 82 83 84 85 86 87 88 89 90 91 92 93 94 95 96 97 98
Case #35: 2 6
Case #36: 6 8 9 11 12 15 18 20 22 24 25 26 28 29 31 33
Case #37: 6 7 8 9 10 11 12 13 14 15 16 17 18 19 20 21 22 23 24 25 26 27 28 29 30
Case #38: 74 88 105 111 134 143 166 173 180 200
Case #39: 43 44 45 46 47 48 49
Case #40: 2 10 11 12 13 14 15 16 17 48
Case #41: 5 15 25 35 45 55 65 75 85 95
Case #42: 5 6 7 8
Case #43: 3 4 5
Case #44: 6 7 9 10
Case #45: 1 2 3 4 5 6 7 8 9 10
Case #46: 2 3 4
Case #47: 59 81 111 129 145 161 178 200 210 213 265 271 286 307 341 363 381 399 419 441 459 480 495 520 543
Case #48: 351 352 353 354 355 356 357 358 359 360 361 362 363 364 365 366 367 368 369 370 371 372 373 374 375
Case #49: 6 10 13 15 17 18 21 23 24 25 27 28 29 31
Case #50: 3 53 103 153 203 253 303 353 403 453 503 553 603 653 703 753 803 853 903 953 1003 1053 1103 1153 1203 1253 1303 1353 1403 1453 1503 1553 1603 1653 1703 1753 1803 1853 1903 1953 2003 2053 2103 2153 2203 2253 2303 2353 2403 2453
